<?xml version="1.0" encoding="UTF-8"?>
<robot generator="Robot 7.1.1 (Python 3.13.0 on win32)" generated="2025-12-02T19:25:58.691623" rpa="false" schemaversion="5">
<suite id="s1" name="TestCase ReportTutor" source="c:\Users\jalem\OneDrive\Desktop\Test_Tutor\TestCases\TestCase_ReportTutor.robot">
<test id="s1-t1" name="Report Tutor Test Case" line="8">
<kw name="Open File Excel of Report Tutor" owner="Keyword_ReportTutor">
<kw name="Open Excel Document" owner="ExcelLibrary">
<arg>${DataTableReportTutor}</arg>
<arg>${Sheet}</arg>
<doc>Opens xlsx document file.</doc>
<status status="PASS" start="2025-12-02T19:26:01.076791" elapsed="0.034112"/>
</kw>
<status status="PASS" start="2025-12-02T19:26:01.074671" elapsed="0.036620"/>
</kw>
<for flavor="IN RANGE">
<iter>
<kw name="Read Excel Cell" owner="ExcelLibrary">
<msg time="2025-12-02T19:26:01.114642" level="INFO">${Execute} = N</msg>
<var>${Execute}</var>
<arg>${i}</arg>
<arg>1</arg>
<doc>Returns content of a cell.</doc>
<status status="PASS" start="2025-12-02T19:26:01.113535" elapsed="0.007177"/>
</kw>
<if>
<branch type="IF" condition="'${Execute}' == 'Y'">
<kw name="Open Browser Website" owner="Keyword_ReportTutor">
<status status="NOT RUN" start="2025-12-02T19:26:01.124613" elapsed="0.000628"/>
</kw>
<kw name="Login As User" owner="Keyword_ReportTutor">
<arg>${i}</arg>
<status status="NOT RUN" start="2025-12-02T19:26:01.126543" elapsed="0.000422"/>
</kw>
<kw name="Go To My Course Page" owner="Keyword_ReportTutor">
<status status="NOT RUN" start="2025-12-02T19:26:01.127926" elapsed="0.000265"/>
</kw>
<kw name="Input From ReportTutor" owner="Keyword_ReportTutor">
<arg>${i}</arg>
<status status="NOT RUN" start="2025-12-02T19:26:01.128489" elapsed="0.000137"/>
</kw>
<kw name="Submit Report Tutor" owner="Keyword_ReportTutor">
<status status="NOT RUN" start="2025-12-02T19:26:01.128889" elapsed="0.000157"/>
</kw>
<kw name="Alert form Report Tutor" owner="Keyword_ReportTutor">
<arg>${i}</arg>
<status status="NOT RUN" start="2025-12-02T19:26:01.129398" elapsed="0.000164"/>
</kw>
<kw name="Success form Report Tutor" owner="Keyword_ReportTutor">
<arg>${i}</arg>
<status status="NOT RUN" start="2025-12-02T19:26:01.132054" elapsed="0.001245"/>
</kw>
<kw name="Check Error form Report Tutor" owner="Keyword_ReportTutor">
<arg>${i}</arg>
<status status="NOT RUN" start="2025-12-02T19:26:01.133837" elapsed="0.000260"/>
</kw>
<kw name="Read Expected Result Report Tutor" owner="Keyword_ReportTutor">
<var>${expected}</var>
<arg>${i}</arg>
<status status="NOT RUN" start="2025-12-02T19:26:01.134570" elapsed="0.000270"/>
</kw>
<kw name="Read Actual Result Report Tutor" owner="Keyword_ReportTutor">
<var>${actual}</var>
<arg>${i}</arg>
<status status="NOT RUN" start="2025-12-02T19:26:01.135360" elapsed="0.000781"/>
</kw>
<kw name="Verify Report Tutor" owner="Keyword_ReportTutor">
<arg>${i}</arg>
<arg>${expected}</arg>
<arg>${actual}</arg>
<status status="NOT RUN" start="2025-12-02T19:26:01.137057" elapsed="0.000409"/>
</kw>
<kw name="Close Browser" owner="SeleniumLibrary">
<doc>Closes the current browser.</doc>
<status status="NOT RUN" start="2025-12-02T19:26:01.138523" elapsed="0.000718"/>
</kw>
<status status="NOT RUN" start="2025-12-02T19:26:01.123409" elapsed="0.016103"/>
</branch>
<status status="PASS" start="2025-12-02T19:26:01.122829" elapsed="0.017078"/>
</if>
<var name="${i}">2</var>
<status status="PASS" start="2025-12-02T19:26:01.112997" elapsed="0.027004"/>
</iter>
<iter>
<kw name="Read Excel Cell" owner="ExcelLibrary">
<msg time="2025-12-02T19:26:01.142399" level="INFO">${Execute} = N</msg>
<var>${Execute}</var>
<arg>${i}</arg>
<arg>1</arg>
<doc>Returns content of a cell.</doc>
<status status="PASS" start="2025-12-02T19:26:01.141499" elapsed="0.001368"/>
</kw>
<if>
<branch type="IF" condition="'${Execute}' == 'Y'">
<kw name="Open Browser Website" owner="Keyword_ReportTutor">
<status status="NOT RUN" start="2025-12-02T19:26:01.143935" elapsed="0.000138"/>
</kw>
<kw name="Login As User" owner="Keyword_ReportTutor">
<arg>${i}</arg>
<status status="NOT RUN" start="2025-12-02T19:26:01.144419" elapsed="0.000141"/>
</kw>
<kw name="Go To My Course Page" owner="Keyword_ReportTutor">
<status status="NOT RUN" start="2025-12-02T19:26:01.144866" elapsed="0.000132"/>
</kw>
<kw name="Input From ReportTutor" owner="Keyword_ReportTutor">
<arg>${i}</arg>
<status status="NOT RUN" start="2025-12-02T19:26:01.145312" elapsed="0.000146"/>
</kw>
<kw name="Submit Report Tutor" owner="Keyword_ReportTutor">
<status status="NOT RUN" start="2025-12-02T19:26:01.145718" elapsed="0.000150"/>
</kw>
<kw name="Alert form Report Tutor" owner="Keyword_ReportTutor">
<arg>${i}</arg>
<status status="NOT RUN" start="2025-12-02T19:26:01.146169" elapsed="0.000140"/>
</kw>
<kw name="Success form Report Tutor" owner="Keyword_ReportTutor">
<arg>${i}</arg>
<status status="NOT RUN" start="2025-12-02T19:26:01.146596" elapsed="0.000208"/>
</kw>
<kw name="Check Error form Report Tutor" owner="Keyword_ReportTutor">
<arg>${i}</arg>
<status status="NOT RUN" start="2025-12-02T19:26:01.147090" elapsed="0.000133"/>
</kw>
<kw name="Read Expected Result Report Tutor" owner="Keyword_ReportTutor">
<var>${expected}</var>
<arg>${i}</arg>
<status status="NOT RUN" start="2025-12-02T19:26:01.147486" elapsed="0.000216"/>
</kw>
<kw name="Read Actual Result Report Tutor" owner="Keyword_ReportTutor">
<var>${actual}</var>
<arg>${i}</arg>
<status status="NOT RUN" start="2025-12-02T19:26:01.147984" elapsed="0.000141"/>
</kw>
<kw name="Verify Report Tutor" owner="Keyword_ReportTutor">
<arg>${i}</arg>
<arg>${expected}</arg>
<arg>${actual}</arg>
<status status="NOT RUN" start="2025-12-02T19:26:01.148484" elapsed="0.000194"/>
</kw>
<kw name="Close Browser" owner="SeleniumLibrary">
<doc>Closes the current browser.</doc>
<status status="NOT RUN" start="2025-12-02T19:26:01.148960" elapsed="0.000130"/>
</kw>
<status status="NOT RUN" start="2025-12-02T19:26:01.143398" elapsed="0.005829"/>
</branch>
<status status="PASS" start="2025-12-02T19:26:01.143336" elapsed="0.006046"/>
</if>
<var name="${i}">3</var>
<status status="PASS" start="2025-12-02T19:26:01.140900" elapsed="0.008534"/>
</iter>
<iter>
<kw name="Read Excel Cell" owner="ExcelLibrary">
<msg time="2025-12-02T19:26:01.150701" level="INFO">${Execute} = N</msg>
<var>${Execute}</var>
<arg>${i}</arg>
<arg>1</arg>
<doc>Returns content of a cell.</doc>
<status status="PASS" start="2025-12-02T19:26:01.150245" elapsed="0.000659"/>
</kw>
<if>
<branch type="IF" condition="'${Execute}' == 'Y'">
<kw name="Open Browser Website" owner="Keyword_ReportTutor">
<status status="NOT RUN" start="2025-12-02T19:26:01.151646" elapsed="0.000128"/>
</kw>
<kw name="Login As User" owner="Keyword_ReportTutor">
<arg>${i}</arg>
<status status="NOT RUN" start="2025-12-02T19:26:01.152070" elapsed="0.000134"/>
</kw>
<kw name="Go To My Course Page" owner="Keyword_ReportTutor">
<status status="NOT RUN" start="2025-12-02T19:26:01.152469" elapsed="0.000161"/>
</kw>
<kw name="Input From ReportTutor" owner="Keyword_ReportTutor">
<arg>${i}</arg>
<status status="NOT RUN" start="2025-12-02T19:26:01.152874" elapsed="0.000131"/>
</kw>
<kw name="Submit Report Tutor" owner="Keyword_ReportTutor">
<status status="NOT RUN" start="2025-12-02T19:26:01.153241" elapsed="0.000152"/>
</kw>
<kw name="Alert form Report Tutor" owner="Keyword_ReportTutor">
<arg>${i}</arg>
<status status="NOT RUN" start="2025-12-02T19:26:01.153698" elapsed="0.000137"/>
</kw>
<kw name="Success form Report Tutor" owner="Keyword_ReportTutor">
<arg>${i}</arg>
<status status="NOT RUN" start="2025-12-02T19:26:01.154122" elapsed="0.000482"/>
</kw>
<kw name="Check Error form Report Tutor" owner="Keyword_ReportTutor">
<arg>${i}</arg>
<status status="NOT RUN" start="2025-12-02T19:26:01.155143" elapsed="0.000366"/>
</kw>
<kw name="Read Expected Result Report Tutor" owner="Keyword_ReportTutor">
<var>${expected}</var>
<arg>${i}</arg>
<status status="NOT RUN" start="2025-12-02T19:26:01.156401" elapsed="0.001415"/>
</kw>
<kw name="Read Actual Result Report Tutor" owner="Keyword_ReportTutor">
<var>${actual}</var>
<arg>${i}</arg>
<status status="NOT RUN" start="2025-12-02T19:26:01.158651" elapsed="0.000580"/>
</kw>
<kw name="Verify Report Tutor" owner="Keyword_ReportTutor">
<arg>${i}</arg>
<arg>${expected}</arg>
<arg>${actual}</arg>
<status status="NOT RUN" start="2025-12-02T19:26:01.159942" elapsed="0.000481"/>
</kw>
<kw name="Close Browser" owner="SeleniumLibrary">
<doc>Closes the current browser.</doc>
<status status="NOT RUN" start="2025-12-02T19:26:01.161033" elapsed="0.000234"/>
</kw>
<status status="NOT RUN" start="2025-12-02T19:26:01.151127" elapsed="0.010474"/>
</branch>
<status status="PASS" start="2025-12-02T19:26:01.151096" elapsed="0.010836"/>
</if>
<var name="${i}">4</var>
<status status="PASS" start="2025-12-02T19:26:01.149963" elapsed="0.012049"/>
</iter>
<iter>
<kw name="Read Excel Cell" owner="ExcelLibrary">
<msg time="2025-12-02T19:26:01.163785" level="INFO">${Execute} = N</msg>
<var>${Execute}</var>
<arg>${i}</arg>
<arg>1</arg>
<doc>Returns content of a cell.</doc>
<status status="PASS" start="2025-12-02T19:26:01.163089" elapsed="0.000981"/>
</kw>
<if>
<branch type="IF" condition="'${Execute}' == 'Y'">
<kw name="Open Browser Website" owner="Keyword_ReportTutor">
<status status="NOT RUN" start="2025-12-02T19:26:01.165055" elapsed="0.000216"/>
</kw>
<kw name="Login As User" owner="Keyword_ReportTutor">
<arg>${i}</arg>
<status status="NOT RUN" start="2025-12-02T19:26:01.165794" elapsed="0.000271"/>
</kw>
<kw name="Go To My Course Page" owner="Keyword_ReportTutor">
<status status="NOT RUN" start="2025-12-02T19:26:01.166569" elapsed="0.000240"/>
</kw>
<kw name="Input From ReportTutor" owner="Keyword_ReportTutor">
<arg>${i}</arg>
<status status="NOT RUN" start="2025-12-02T19:26:01.167214" elapsed="0.000231"/>
</kw>
<kw name="Submit Report Tutor" owner="Keyword_ReportTutor">
<status status="NOT RUN" start="2025-12-02T19:26:01.167823" elapsed="0.000209"/>
</kw>
<kw name="Alert form Report Tutor" owner="Keyword_ReportTutor">
<arg>${i}</arg>
<status status="NOT RUN" start="2025-12-02T19:26:01.168548" elapsed="0.000217"/>
</kw>
<kw name="Success form Report Tutor" owner="Keyword_ReportTutor">
<arg>${i}</arg>
<status status="NOT RUN" start="2025-12-02T19:26:01.169347" elapsed="0.000299"/>
</kw>
<kw name="Check Error form Report Tutor" owner="Keyword_ReportTutor">
<arg>${i}</arg>
<status status="NOT RUN" start="2025-12-02T19:26:01.170121" elapsed="0.000303"/>
</kw>
<kw name="Read Expected Result Report Tutor" owner="Keyword_ReportTutor">
<var>${expected}</var>
<arg>${i}</arg>
<status status="NOT RUN" start="2025-12-02T19:26:01.170879" elapsed="0.000597"/>
</kw>
<kw name="Read Actual Result Report Tutor" owner="Keyword_ReportTutor">
<var>${actual}</var>
<arg>${i}</arg>
<status status="NOT RUN" start="2025-12-02T19:26:01.172251" elapsed="0.000374"/>
</kw>
<kw name="Verify Report Tutor" owner="Keyword_ReportTutor">
<arg>${i}</arg>
<arg>${expected}</arg>
<arg>${actual}</arg>
<status status="NOT RUN" start="2025-12-02T19:26:01.173305" elapsed="0.000318"/>
</kw>
<kw name="Close Browser" owner="SeleniumLibrary">
<doc>Closes the current browser.</doc>
<status status="NOT RUN" start="2025-12-02T19:26:01.174062" elapsed="0.000240"/>
</kw>
<status status="NOT RUN" start="2025-12-02T19:26:01.164417" elapsed="0.010103"/>
</branch>
<status status="PASS" start="2025-12-02T19:26:01.164366" elapsed="0.010393"/>
</if>
<var name="${i}">5</var>
<status status="PASS" start="2025-12-02T19:26:01.162627" elapsed="0.012208"/>
</iter>
<iter>
<kw name="Read Excel Cell" owner="ExcelLibrary">
<msg time="2025-12-02T19:26:01.227121" level="INFO">${Execute} = N</msg>
<var>${Execute}</var>
<arg>${i}</arg>
<arg>1</arg>
<doc>Returns content of a cell.</doc>
<status status="PASS" start="2025-12-02T19:26:01.175991" elapsed="0.051737"/>
</kw>
<if>
<branch type="IF" condition="'${Execute}' == 'Y'">
<kw name="Open Browser Website" owner="Keyword_ReportTutor">
<status status="NOT RUN" start="2025-12-02T19:26:01.229758" elapsed="0.001323"/>
</kw>
<kw name="Login As User" owner="Keyword_ReportTutor">
<arg>${i}</arg>
<status status="NOT RUN" start="2025-12-02T19:26:01.233890" elapsed="0.000366"/>
</kw>
<kw name="Go To My Course Page" owner="Keyword_ReportTutor">
<status status="NOT RUN" start="2025-12-02T19:26:01.235937" elapsed="0.000654"/>
</kw>
<kw name="Input From ReportTutor" owner="Keyword_ReportTutor">
<arg>${i}</arg>
<status status="NOT RUN" start="2025-12-02T19:26:01.240469" elapsed="0.000295"/>
</kw>
<kw name="Submit Report Tutor" owner="Keyword_ReportTutor">
<status status="NOT RUN" start="2025-12-02T19:26:01.241363" elapsed="0.000295"/>
</kw>
<kw name="Alert form Report Tutor" owner="Keyword_ReportTutor">
<arg>${i}</arg>
<status status="NOT RUN" start="2025-12-02T19:26:01.242407" elapsed="0.000258"/>
</kw>
<kw name="Success form Report Tutor" owner="Keyword_ReportTutor">
<arg>${i}</arg>
<status status="NOT RUN" start="2025-12-02T19:26:01.243360" elapsed="0.000268"/>
</kw>
<kw name="Check Error form Report Tutor" owner="Keyword_ReportTutor">
<arg>${i}</arg>
<status status="NOT RUN" start="2025-12-02T19:26:01.244223" elapsed="0.000366"/>
</kw>
<kw name="Read Expected Result Report Tutor" owner="Keyword_ReportTutor">
<var>${expected}</var>
<arg>${i}</arg>
<status status="NOT RUN" start="2025-12-02T19:26:01.245282" elapsed="0.000309"/>
</kw>
<kw name="Read Actual Result Report Tutor" owner="Keyword_ReportTutor">
<var>${actual}</var>
<arg>${i}</arg>
<status status="NOT RUN" start="2025-12-02T19:26:01.246143" elapsed="0.000260"/>
</kw>
<kw name="Verify Report Tutor" owner="Keyword_ReportTutor">
<arg>${i}</arg>
<arg>${expected}</arg>
<arg>${actual}</arg>
<status status="NOT RUN" start="2025-12-02T19:26:01.247270" elapsed="0.000300"/>
</kw>
<kw name="Close Browser" owner="SeleniumLibrary">
<doc>Closes the current browser.</doc>
<status status="NOT RUN" start="2025-12-02T19:26:01.248072" elapsed="0.000337"/>
</kw>
<status status="NOT RUN" start="2025-12-02T19:26:01.228501" elapsed="0.020273"/>
</branch>
<status status="PASS" start="2025-12-02T19:26:01.228374" elapsed="0.020886"/>
</if>
<var name="${i}">6</var>
<status status="PASS" start="2025-12-02T19:26:01.175495" elapsed="0.073863"/>
</iter>
<iter>
<kw name="Read Excel Cell" owner="ExcelLibrary">
<msg time="2025-12-02T19:26:01.251380" level="INFO">${Execute} = N</msg>
<var>${Execute}</var>
<arg>${i}</arg>
<arg>1</arg>
<doc>Returns content of a cell.</doc>
<status status="PASS" start="2025-12-02T19:26:01.250649" elapsed="0.001196"/>
</kw>
<if>
<branch type="IF" condition="'${Execute}' == 'Y'">
<kw name="Open Browser Website" owner="Keyword_ReportTutor">
<status status="NOT RUN" start="2025-12-02T19:26:01.253078" elapsed="0.000229"/>
</kw>
<kw name="Login As User" owner="Keyword_ReportTutor">
<arg>${i}</arg>
<status status="NOT RUN" start="2025-12-02T19:26:01.253913" elapsed="0.000249"/>
</kw>
<kw name="Go To My Course Page" owner="Keyword_ReportTutor">
<status status="NOT RUN" start="2025-12-02T19:26:01.255362" elapsed="0.000656"/>
</kw>
<kw name="Input From ReportTutor" owner="Keyword_ReportTutor">
<arg>${i}</arg>
<status status="NOT RUN" start="2025-12-02T19:26:01.256520" elapsed="0.000583"/>
</kw>
<kw name="Submit Report Tutor" owner="Keyword_ReportTutor">
<status status="NOT RUN" start="2025-12-02T19:26:01.257724" elapsed="0.000301"/>
</kw>
<kw name="Alert form Report Tutor" owner="Keyword_ReportTutor">
<arg>${i}</arg>
<status status="NOT RUN" start="2025-12-02T19:26:01.258591" elapsed="0.000286"/>
</kw>
<kw name="Success form Report Tutor" owner="Keyword_ReportTutor">
<arg>${i}</arg>
<status status="NOT RUN" start="2025-12-02T19:26:01.259697" elapsed="0.000277"/>
</kw>
<kw name="Check Error form Report Tutor" owner="Keyword_ReportTutor">
<arg>${i}</arg>
<status status="NOT RUN" start="2025-12-02T19:26:01.260569" elapsed="0.000299"/>
</kw>
<kw name="Read Expected Result Report Tutor" owner="Keyword_ReportTutor">
<var>${expected}</var>
<arg>${i}</arg>
<status status="NOT RUN" start="2025-12-02T19:26:01.261444" elapsed="0.000297"/>
</kw>
<kw name="Read Actual Result Report Tutor" owner="Keyword_ReportTutor">
<var>${actual}</var>
<arg>${i}</arg>
<status status="NOT RUN" start="2025-12-02T19:26:01.262523" elapsed="0.000308"/>
</kw>
<kw name="Verify Report Tutor" owner="Keyword_ReportTutor">
<arg>${i}</arg>
<arg>${expected}</arg>
<arg>${actual}</arg>
<status status="NOT RUN" start="2025-12-02T19:26:01.263537" elapsed="0.000357"/>
</kw>
<kw name="Close Browser" owner="SeleniumLibrary">
<doc>Closes the current browser.</doc>
<status status="NOT RUN" start="2025-12-02T19:26:01.264546" elapsed="0.000247"/>
</kw>
<status status="NOT RUN" start="2025-12-02T19:26:01.252339" elapsed="0.012728"/>
</branch>
<status status="PASS" start="2025-12-02T19:26:01.252277" elapsed="0.013062"/>
</if>
<var name="${i}">7</var>
<status status="PASS" start="2025-12-02T19:26:01.250117" elapsed="0.015304"/>
</iter>
<iter>
<kw name="Read Excel Cell" owner="ExcelLibrary">
<msg time="2025-12-02T19:26:01.267189" level="INFO">${Execute} = Y</msg>
<var>${Execute}</var>
<arg>${i}</arg>
<arg>1</arg>
<doc>Returns content of a cell.</doc>
<status status="PASS" start="2025-12-02T19:26:01.266487" elapsed="0.002129"/>
</kw>
<if>
<branch type="IF" condition="'${Execute}' == 'Y'">
<kw name="Open Browser Website" owner="Keyword_ReportTutor">
<kw name="Open Browser" owner="SeleniumLibrary">
<msg time="2025-12-02T19:26:01.274106" level="INFO">Opening browser 'chrome' to base url 'http://localhost:8080/wep-tutor/'.</msg>
<arg>${URL}</arg>
<arg>${BROWSER}</arg>
<doc>Opens a new browser instance to the optional ``url``.</doc>
<status status="PASS" start="2025-12-02T19:26:01.273239" elapsed="5.223754"/>
</kw>
<kw name="Maximize Browser Window" owner="SeleniumLibrary">
<doc>Maximizes current browser window.</doc>
<status status="PASS" start="2025-12-02T19:26:06.497591" elapsed="0.266229"/>
</kw>
<status status="PASS" start="2025-12-02T19:26:01.271762" elapsed="5.492540"/>
</kw>
<kw name="Login As User" owner="Keyword_ReportTutor">
<kw name="Click Element" owner="SeleniumLibrary">
<msg time="2025-12-02T19:26:06.766947" level="INFO">Clicking element '//a[contains(text(),'เข้าสู่ระบบ ▼')]'.</msg>
<arg>${Loc_LoginMenu}</arg>
<doc>Click the element identified by ``locator``.</doc>
<status status="PASS" start="2025-12-02T19:26:06.765884" elapsed="0.366824"/>
</kw>
<kw name="Click Element" owner="SeleniumLibrary">
<msg time="2025-12-02T19:26:07.133985" level="INFO">Clicking element '//a[@href='goLogin']'.</msg>
<arg>${Loc_gologin}</arg>
<doc>Click the element identified by ``locator``.</doc>
<status status="PASS" start="2025-12-02T19:26:07.133394" elapsed="0.529248"/>
</kw>
<kw name="Wait Until Page Contains Element" owner="SeleniumLibrary">
<arg>${Loc_Email}</arg>
<arg>timeout=10s</arg>
<doc>Waits until the element ``locator`` appears on the current page.</doc>
<status status="PASS" start="2025-12-02T19:26:07.663242" elapsed="0.102396"/>
</kw>
<kw name="Input Text" owner="SeleniumLibrary">
<msg time="2025-12-02T19:26:07.766853" level="INFO">Typing text 'mju6504106414' into text field '//input[@id='email_prefix']'.</msg>
<arg>${Loc_Email}</arg>
<arg>mju6504106414</arg>
<doc>Types the given ``text`` into the text field identified by ``locator``.</doc>
<status status="PASS" start="2025-12-02T19:26:07.766239" elapsed="0.433772"/>
</kw>
<kw name="Input Text" owner="SeleniumLibrary">
<msg time="2025-12-02T19:26:08.201258" level="INFO">Typing text 'Ptt123445678##' into text field '//input[@id='password']'.</msg>
<arg>${Loc_Password}</arg>
<arg>Ptt123445678##</arg>
<doc>Types the given ``text`` into the text field identified by ``locator``.</doc>
<status status="PASS" start="2025-12-02T19:26:08.200614" elapsed="0.252138"/>
</kw>
<kw name="Click Button" owner="SeleniumLibrary">
<msg time="2025-12-02T19:26:08.453750" level="INFO">Clicking button '//input[@value='เข้าสู่ระบบ']'.</msg>
<arg>${Btn_submit}</arg>
<doc>Clicks the button identified by ``locator``.</doc>
<status status="PASS" start="2025-12-02T19:26:08.453248" elapsed="0.185961"/>
</kw>
<arg>${i}</arg>
<status status="PASS" start="2025-12-02T19:26:06.764866" elapsed="1.874804"/>
</kw>
<kw name="Go To My Course Page" owner="Keyword_ReportTutor">
<kw name="Click Element" owner="SeleniumLibrary">
<msg time="2025-12-02T19:26:08.642962" level="INFO">Clicking element '//a[contains(text(),'นักศึกษา ▼')]'.</msg>
<arg>${Stu_Menu}</arg>
<doc>Click the element identified by ``locator``.</doc>
<status status="PASS" start="2025-12-02T19:26:08.641601" elapsed="0.528841"/>
</kw>
<kw name="Click Element" owner="SeleniumLibrary">
<msg time="2025-12-02T19:26:09.171543" level="INFO">Clicking element '//a[contains(text(),'คอร์สที่ลงทะเบียน')]'.</msg>
<arg>${My_RegisterCourse}</arg>
<doc>Click the element identified by ``locator``.</doc>
<status status="PASS" start="2025-12-02T19:26:09.171045" elapsed="0.452356"/>
</kw>
<kw name="Click Element" owner="SeleniumLibrary">
<msg time="2025-12-02T19:26:09.625959" level="INFO">Clicking element '//a[contains(text(),'ดูรายละเอียด')]'.</msg>
<arg>${Descriptioncourse}</arg>
<doc>Click the element identified by ``locator``.</doc>
<status status="PASS" start="2025-12-02T19:26:09.624105" elapsed="0.837286"/>
</kw>
<kw name="Wait Until Page Contains Element" owner="SeleniumLibrary">
<arg>${Report_Loc}</arg>
<arg>timeout=10s</arg>
<doc>Waits until the element ``locator`` appears on the current page.</doc>
<status status="PASS" start="2025-12-02T19:26:10.461984" elapsed="0.086172"/>
</kw>
<kw name="Click Element" owner="SeleniumLibrary">
<msg time="2025-12-02T19:26:10.549405" level="INFO">Clicking element '//a[@id='btnReport']'.</msg>
<arg>${Report_Loc}</arg>
<doc>Click the element identified by ``locator``.</doc>
<status status="PASS" start="2025-12-02T19:26:10.548765" elapsed="0.369602"/>
</kw>
<status status="PASS" start="2025-12-02T19:26:08.640219" elapsed="2.278658"/>
</kw>
<kw name="Input From ReportTutor" owner="Keyword_ReportTutor">
<kw name="Read Excel Cell" owner="ExcelLibrary">
<msg time="2025-12-02T19:26:10.921008" level="INFO">${Report} = หลอกเอาเงินนี่ครับ!</msg>
<var>${Report}</var>
<arg>${Row}</arg>
<arg>3</arg>
<doc>Returns content of a cell.</doc>
<status status="PASS" start="2025-12-02T19:26:10.920324" elapsed="0.001019"/>
</kw>
<kw name="Run Keyword If" owner="BuiltIn">
<kw name="Input Text" owner="SeleniumLibrary">
<msg time="2025-12-02T19:26:10.924078" level="INFO">Typing text 'หลอกเอาเงินนี่ครับ!' into text field '//textarea[@id='details']'.</msg>
<arg>${Input_Report}</arg>
<arg>${Report}</arg>
<doc>Types the given ``text`` into the text field identified by ``locator``.</doc>
<status status="PASS" start="2025-12-02T19:26:10.923086" elapsed="0.600217"/>
</kw>
<arg>'${Report}' != '' and '${Report}' != None and '${Report}' != ${None}</arg>
<arg>Input Text</arg>
<arg>${Input_Report}</arg>
<arg>${Report}</arg>
<doc>Runs the given keyword with the given arguments, if ``condition`` is true.</doc>
<status status="PASS" start="2025-12-02T19:26:10.921913" elapsed="0.601906"/>
</kw>
<arg>${i}</arg>
<status status="PASS" start="2025-12-02T19:26:10.919450" elapsed="0.604698"/>
</kw>
<kw name="Submit Report Tutor" owner="Keyword_ReportTutor">
<kw name="Click Element" owner="SeleniumLibrary">
<msg time="2025-12-02T19:26:11.528149" level="INFO">Clicking element '//input[@value='ส่งรายงาน']'.</msg>
<arg>${BTN_submitReport}</arg>
<doc>Click the element identified by ``locator``.</doc>
<status status="PASS" start="2025-12-02T19:26:11.526974" elapsed="0.205823"/>
</kw>
<status status="PASS" start="2025-12-02T19:26:11.524566" elapsed="0.208665"/>
</kw>
<kw name="Alert form Report Tutor" owner="Keyword_ReportTutor">
<kw name="Run Keyword And Ignore Error" owner="BuiltIn">
<kw name="Handle Alert" owner="SeleniumLibrary">
<msg time="2025-12-02T19:26:11.735996" level="INFO">HANDLE::&lt;class 'NoneType'&gt;::None</msg>
<arg>LEAVE</arg>
<doc>Handles the current alert and returns its message.</doc>
<status status="PASS" start="2025-12-02T19:26:11.735442" elapsed="0.033093"/>
</kw>
<msg time="2025-12-02T19:26:11.769042" level="INFO">${status} = PASS</msg>
<msg time="2025-12-02T19:26:11.769285" level="INFO">${alert_msg} = รายละเอียดต้องมีความยาว 20-255 ตัวอักษร</msg>
<var>${status}</var>
<var>${alert_msg}</var>
<arg>Handle Alert</arg>
<arg>LEAVE</arg>
<doc>Runs the given keyword with the given arguments and ignores possible error.</doc>
<status status="PASS" start="2025-12-02T19:26:11.734685" elapsed="0.034792"/>
</kw>
<kw name="Set Variable If" owner="BuiltIn">
<msg time="2025-12-02T19:26:11.770600" level="INFO">${alert_msg} = รายละเอียดต้องมีความยาว 20-255 ตัวอักษร</msg>
<var>${alert_msg}</var>
<arg>'${status}' == 'PASS'</arg>
<arg>${alert_msg}</arg>
<arg>${EMPTY}</arg>
<doc>Sets variable based on the given condition.</doc>
<status status="PASS" start="2025-12-02T19:26:11.769874" elapsed="0.001024"/>
</kw>
<kw name="Run Keyword If" owner="BuiltIn">
<kw name="Write Excel Cell" owner="ExcelLibrary">
<arg>${Row}</arg>
<arg>5</arg>
<arg>${alert_msg}</arg>
<doc>Writes value to the cell.</doc>
<status status="PASS" start="2025-12-02T19:26:11.772960" elapsed="0.000943"/>
</kw>
<arg>'${alert_msg}' != ''</arg>
<arg>Write Excel Cell</arg>
<arg>${Row}</arg>
<arg>5</arg>
<arg>${alert_msg}</arg>
<doc>Runs the given keyword with the given arguments, if ``condition`` is true.</doc>
<status status="PASS" start="2025-12-02T19:26:11.771375" elapsed="0.002939"/>
</kw>
<kw name="Log To Console" owner="BuiltIn">
<arg>Alert: ${alert_msg}</arg>
<doc>Logs the given message to the console.</doc>
<status status="PASS" start="2025-12-02T19:26:11.774753" elapsed="0.010799"/>
</kw>
<return>
<value>${alert_msg}</value>
<status status="PASS" start="2025-12-02T19:26:11.786041" elapsed="0.000346"/>
</return>
<arg>${i}</arg>
<status status="PASS" start="2025-12-02T19:26:11.733654" elapsed="0.053344"/>
</kw>
<kw name="Success form Report Tutor" owner="Keyword_ReportTutor">
<kw name="Run Keyword And Ignore Error" owner="BuiltIn">
<kw name="Wait Until Element Is Visible" owner="SeleniumLibrary">
<msg time="2025-12-02T19:26:12.048702" level="INFO" html="true">&lt;/td&gt;&lt;/tr&gt;&lt;tr&gt;&lt;td colspan="3"&gt;&lt;a href="selenium-screenshot-26.png"&gt;&lt;img src="selenium-screenshot-26.png" width="800px"&gt;&lt;/a&gt;</msg>
<msg time="2025-12-02T19:26:12.049249" level="FAIL">UnexpectedAlertPresentException: Alert Text: รายละเอียดต้องมีความยาว 20-255 ตัวอักษร
Message: unexpected alert open: {Alert text : รายละเอียดต้องมีความยาว 20-255 ตัวอักษร}
  (Session info: chrome=142.0.7444.176)
Stacktrace:
Symbols not available. Dumping unresolved backtrace:
	0x7ff650da7a05
	0x7ff650da7a60
	0x7ff650b216ad
	0x7ff650bcc3a2
	0x7ff650b6b068
	0x7ff650b6be93
	0x7ff6510629a0
	0x7ff65105ce20
	0x7ff65107cc15
	0x7ff650dc309e
	0x7ff650dcad8f
	0x7ff650db0be4
	0x7ff650db0d9f
	0x7ff650d967f8
	0x7ff87dc3e8d7
	0x7ff87f4ec53c
</msg>
<arg>${Success_Message}</arg>
<arg>timeout=10s</arg>
<doc>Waits until the element ``locator`` is visible.</doc>
<status status="FAIL" start="2025-12-02T19:26:11.789584" elapsed="0.272522">UnexpectedAlertPresentException: Alert Text: รายละเอียดต้องมีความยาว 20-255 ตัวอักษร
Message: unexpected alert open: {Alert text : รายละเอียดต้องมีความยาว 20-255 ตัวอักษร}
  (Session info: chrome=142.0.7444.176)
Stacktrace:
Symbols not available. Dumping unresolved backtrace:
	0x7ff650da7a05
	0x7ff650da7a60
	0x7ff650b216ad
	0x7ff650bcc3a2
	0x7ff650b6b068
	0x7ff650b6be93
	0x7ff6510629a0
	0x7ff65105ce20
	0x7ff65107cc15
	0x7ff650dc309e
	0x7ff650dcad8f
	0x7ff650db0be4
	0x7ff650db0d9f
	0x7ff650d967f8
	0x7ff87dc3e8d7
	0x7ff87f4ec53c
</status>
</kw>
<arg>Wait Until Element Is Visible</arg>
<arg>${Success_Message}</arg>
<arg>timeout=10s</arg>
<doc>Runs the given keyword with the given arguments and ignores possible error.</doc>
<status status="PASS" start="2025-12-02T19:26:11.788776" elapsed="0.273898"/>
</kw>
<kw name="Run Keyword And Ignore Error" owner="BuiltIn">
<kw name="Get Text" owner="SeleniumLibrary">
<arg>${Success_Message}</arg>
<doc>Returns the text value of the element identified by ``locator``.</doc>
<status status="PASS" start="2025-12-02T19:26:12.063587" elapsed="0.061265"/>
</kw>
<msg time="2025-12-02T19:26:12.125248" level="INFO">${status1} = ('PASS', '')</msg>
<var>${status1}</var>
<arg>Get Text</arg>
<arg>${Success_Message}</arg>
<doc>Runs the given keyword with the given arguments and ignores possible error.</doc>
<status status="PASS" start="2025-12-02T19:26:12.063183" elapsed="0.062974"/>
</kw>
<kw name="Set Variable If" owner="BuiltIn">
<msg time="2025-12-02T19:26:12.130534" level="INFO">${text_Message} = </msg>
<var>${text_Message}</var>
<arg>'${status1[0]}' == 'PASS'</arg>
<arg>${status1[1]}</arg>
<arg>${EMPTY}</arg>
<doc>Sets variable based on the given condition.</doc>
<status status="PASS" start="2025-12-02T19:26:12.127603" elapsed="0.003330"/>
</kw>
<kw name="Run Keyword If" owner="BuiltIn">
<arg>'${text_Message}' != ''</arg>
<arg>Write Excel Cell</arg>
<arg>${row}</arg>
<arg>5</arg>
<arg>${text_Message}</arg>
<doc>Runs the given keyword with the given arguments, if ``condition`` is true.</doc>
<status status="PASS" start="2025-12-02T19:26:12.131456" elapsed="0.000483"/>
</kw>
<kw name="Run Keyword And Ignore Error" owner="BuiltIn">
<kw name="Write Excel Cell" owner="ExcelLibrary">
<arg>${Row}</arg>
<arg>5</arg>
<arg>${text_Message}</arg>
<doc>Writes value to the cell.</doc>
<status status="PASS" start="2025-12-02T19:26:12.132568" elapsed="0.000505"/>
</kw>
<arg>Write Excel Cell</arg>
<arg>${Row}</arg>
<arg>5</arg>
<arg>${text_Message}</arg>
<doc>Runs the given keyword with the given arguments and ignores possible error.</doc>
<status status="PASS" start="2025-12-02T19:26:12.132246" elapsed="0.001042"/>
</kw>
<kw name="Log To Console" owner="BuiltIn">
<arg>SUCCESS: ${text_Message}</arg>
<doc>Logs the given message to the console.</doc>
<status status="PASS" start="2025-12-02T19:26:12.133528" elapsed="0.000556"/>
</kw>
<return>
<value>${text_Message}</value>
<status status="PASS" start="2025-12-02T19:26:12.134355" elapsed="0.000228"/>
</return>
<arg>${i}</arg>
<status status="PASS" start="2025-12-02T19:26:11.787726" elapsed="0.347332"/>
</kw>
<kw name="Check Error form Report Tutor" owner="Keyword_ReportTutor">
<kw name="Run Keyword And Ignore Error" owner="BuiltIn">
<kw name="Wait Until Element Is Visible" owner="SeleniumLibrary">
<msg time="2025-12-02T19:26:22.383220" level="INFO" html="true">&lt;/td&gt;&lt;/tr&gt;&lt;tr&gt;&lt;td colspan="3"&gt;&lt;a href="selenium-screenshot-27.png"&gt;&lt;img src="selenium-screenshot-27.png" width="800px"&gt;&lt;/a&gt;</msg>
<msg time="2025-12-02T19:26:22.383772" level="FAIL">Element '.error-msg' not visible after 10 seconds.</msg>
<arg>${Error_Message}</arg>
<arg>timeout=10s</arg>
<doc>Waits until the element ``locator`` is visible.</doc>
<status status="FAIL" start="2025-12-02T19:26:12.136529" elapsed="10.250071">Element '.error-msg' not visible after 10 seconds.</status>
</kw>
<arg>Wait Until Element Is Visible</arg>
<arg>${Error_Message}</arg>
<arg>timeout=10s</arg>
<doc>Runs the given keyword with the given arguments and ignores possible error.</doc>
<status status="PASS" start="2025-12-02T19:26:12.136230" elapsed="10.250901"/>
</kw>
<kw name="Run Keyword And Ignore Error" owner="BuiltIn">
<kw name="Execute Javascript" owner="SeleniumLibrary">
<msg time="2025-12-02T19:26:22.389505" level="INFO">Executing JavaScript:
return document.querySelector(".error-msg").innerHTML
Without any arguments.</msg>
<arg>return document.querySelector("${Error_Message}").innerHTML</arg>
<doc>Executes the given JavaScript code with possible arguments.</doc>
<status status="PASS" start="2025-12-02T19:26:22.388407" elapsed="0.251063"/>
</kw>
<msg time="2025-12-02T19:26:22.639939" level="INFO">${status2} = ('PASS', '')</msg>
<var>${status2}</var>
<arg>Execute Javascript</arg>
<arg>return document.querySelector("${Error_Message}").innerHTML</arg>
<doc>Runs the given keyword with the given arguments and ignores possible error.</doc>
<status status="PASS" start="2025-12-02T19:26:22.387682" elapsed="0.252488"/>
</kw>
<kw name="Set Variable If" owner="BuiltIn">
<msg time="2025-12-02T19:26:22.643207" level="INFO">${Error_Msg} = </msg>
<var>${Error_Msg}</var>
<arg>'${status2[0]}' == 'PASS'</arg>
<arg>${status2[1]}</arg>
<arg>${EMPTY}</arg>
<doc>Sets variable based on the given condition.</doc>
<status status="PASS" start="2025-12-02T19:26:22.640598" elapsed="0.002945"/>
</kw>
<kw name="Run Keyword If" owner="BuiltIn">
<arg>'${Error_Msg}' != ''</arg>
<arg>Write Excel Cell</arg>
<arg>${row}</arg>
<arg>5</arg>
<arg>${Error_Msg}</arg>
<doc>Runs the given keyword with the given arguments, if ``condition`` is true.</doc>
<status status="PASS" start="2025-12-02T19:26:22.644049" elapsed="0.000712"/>
</kw>
<kw name="Log To Console" owner="BuiltIn">
<arg>ERROR: ${Error_Msg}</arg>
<doc>Logs the given message to the console.</doc>
<status status="PASS" start="2025-12-02T19:26:22.645312" elapsed="0.010365"/>
</kw>
<return>
<value>${Error_Msg}</value>
<status status="PASS" start="2025-12-02T19:26:22.656110" elapsed="0.000279"/>
</return>
<arg>${i}</arg>
<status status="PASS" start="2025-12-02T19:26:12.135577" elapsed="10.521319"/>
</kw>
<kw name="Read Expected Result Report Tutor" owner="Keyword_ReportTutor">
<kw name="Read Excel Cell" owner="ExcelLibrary">
<msg time="2025-12-02T19:26:22.659134" level="INFO">${expected} = รายละเอียดต้องมีความยาว 20-255 ตัวอักษร</msg>
<var>${expected}</var>
<arg>${Row}</arg>
<arg>4</arg>
<doc>Returns content of a cell.</doc>
<status status="PASS" start="2025-12-02T19:26:22.658380" elapsed="0.001096"/>
</kw>
<kw name="Log To Console" owner="BuiltIn">
<arg>Expected Result: "${expected}"</arg>
<doc>Logs the given message to the console.</doc>
<status status="PASS" start="2025-12-02T19:26:22.659946" elapsed="0.031827"/>
</kw>
<return>
<value>${expected}</value>
<status status="PASS" start="2025-12-02T19:26:22.692418" elapsed="0.000302"/>
</return>
<msg time="2025-12-02T19:26:22.693287" level="INFO">${expected} = รายละเอียดต้องมีความยาว 20-255 ตัวอักษร</msg>
<var>${expected}</var>
<arg>${i}</arg>
<status status="PASS" start="2025-12-02T19:26:22.657484" elapsed="0.036054"/>
</kw>
<kw name="Read Actual Result Report Tutor" owner="Keyword_ReportTutor">
<kw name="Read Excel Cell" owner="ExcelLibrary">
<msg time="2025-12-02T19:26:22.695600" level="INFO">${actual} = </msg>
<var>${actual}</var>
<arg>${Row}</arg>
<arg>5</arg>
<doc>Returns content of a cell.</doc>
<status status="PASS" start="2025-12-02T19:26:22.694910" elapsed="0.000968"/>
</kw>
<kw name="Log To Console" owner="BuiltIn">
<arg>Actual Result: "${actual}"</arg>
<doc>Logs the given message to the console.</doc>
<status status="PASS" start="2025-12-02T19:26:22.698074" elapsed="0.014591"/>
</kw>
<return>
<value>${actual}</value>
<status status="PASS" start="2025-12-02T19:26:22.715066" elapsed="0.000303"/>
</return>
<msg time="2025-12-02T19:26:22.715900" level="INFO">${actual} = </msg>
<var>${actual}</var>
<arg>${i}</arg>
<status status="PASS" start="2025-12-02T19:26:22.694007" elapsed="0.022189"/>
</kw>
<kw name="Verify Report Tutor" owner="Keyword_ReportTutor">
<kw name="Run Keyword And Return Status" owner="BuiltIn">
<kw name="Should Be Equal" owner="BuiltIn">
<msg time="2025-12-02T19:26:22.719603" level="FAIL">รายละเอียดต้องมีความยาว 20-255 ตัวอักษร != </msg>
<arg>${expected}</arg>
<arg>${actual}</arg>
<doc>Fails if the given objects are unequal.</doc>
<status status="FAIL" start="2025-12-02T19:26:22.718755" elapsed="0.001408">รายละเอียดต้องมีความยาว 20-255 ตัวอักษร != </status>
</kw>
<msg time="2025-12-02T19:26:22.720826" level="INFO">${flag} = False</msg>
<var>${flag}</var>
<arg>Should Be Equal</arg>
<arg>${expected}</arg>
<arg>${actual}</arg>
<doc>Runs the given keyword with given arguments and returns the status as a Boolean value.</doc>
<status status="PASS" start="2025-12-02T19:26:22.718084" elapsed="0.003170"/>
</kw>
<if>
<branch type="IF" condition="${flag}">
<kw name="Write Excel Cell" owner="ExcelLibrary">
<arg>${Row}</arg>
<arg>6</arg>
<arg>Pass</arg>
<doc>Writes value to the cell.</doc>
<status status="NOT RUN" start="2025-12-02T19:26:22.722335" elapsed="0.000267"/>
</kw>
<status status="NOT RUN" start="2025-12-02T19:26:22.721772" elapsed="0.001216"/>
</branch>
<branch type="ELSE">
<kw name="Write Excel Cell" owner="ExcelLibrary">
<arg>${Row}</arg>
<arg>6</arg>
<arg>Fail</arg>
<doc>Writes value to the cell.</doc>
<status status="PASS" start="2025-12-02T19:26:22.723791" elapsed="0.000721"/>
</kw>
<kw name="Capture Alert Screenshot" owner="screenshot_ReportTutor">
<msg time="2025-12-02T19:26:22.941877" level="INFO">[INFO] Screenshot saved: C:\Users\jalem\OneDrive\Desktop\Test_Tutor\screenshot_ReportTutor\alert_7.png</msg>
<msg time="2025-12-02T19:26:22.942593" level="INFO">${path} = C:\Users\jalem\OneDrive\Desktop\Test_Tutor\screenshot_ReportTutor\alert_7.png</msg>
<var>${path}</var>
<arg>${Row}</arg>
<status status="PASS" start="2025-12-02T19:26:22.725076" elapsed="0.217871"/>
</kw>
<kw name="Log To Console" owner="BuiltIn">
<arg>Screenshot saved at: ${path}</arg>
<doc>Logs the given message to the console.</doc>
<status status="PASS" start="2025-12-02T19:26:22.943474" elapsed="0.001052"/>
</kw>
<status status="PASS" start="2025-12-02T19:26:22.723311" elapsed="0.221952"/>
</branch>
<status status="PASS" start="2025-12-02T19:26:22.721680" elapsed="0.223995"/>
</if>
<arg>${i}</arg>
<arg>${expected}</arg>
<arg>${actual}</arg>
<status status="PASS" start="2025-12-02T19:26:22.716968" elapsed="0.229077"/>
</kw>
<kw name="Close Browser" owner="SeleniumLibrary">
<doc>Closes the current browser.</doc>
<status status="PASS" start="2025-12-02T19:26:22.948051" elapsed="4.573255"/>
</kw>
<status status="PASS" start="2025-12-02T19:26:01.269670" elapsed="26.251926"/>
</branch>
<status status="PASS" start="2025-12-02T19:26:01.269606" elapsed="26.252133"/>
</if>
<var name="${i}">8</var>
<status status="PASS" start="2025-12-02T19:26:01.266036" elapsed="26.255748"/>
</iter>
<iter>
<kw name="Read Excel Cell" owner="ExcelLibrary">
<msg time="2025-12-02T19:26:27.523172" level="INFO">${Execute} = N</msg>
<var>${Execute}</var>
<arg>${i}</arg>
<arg>1</arg>
<doc>Returns content of a cell.</doc>
<status status="PASS" start="2025-12-02T19:26:27.522598" elapsed="0.000813"/>
</kw>
<if>
<branch type="IF" condition="'${Execute}' == 'Y'">
<kw name="Open Browser Website" owner="Keyword_ReportTutor">
<status status="NOT RUN" start="2025-12-02T19:26:27.524258" elapsed="0.000157"/>
</kw>
<kw name="Login As User" owner="Keyword_ReportTutor">
<arg>${i}</arg>
<status status="NOT RUN" start="2025-12-02T19:26:27.524792" elapsed="0.000174"/>
</kw>
<kw name="Go To My Course Page" owner="Keyword_ReportTutor">
<status status="NOT RUN" start="2025-12-02T19:26:27.525298" elapsed="0.000152"/>
</kw>
<kw name="Input From ReportTutor" owner="Keyword_ReportTutor">
<arg>${i}</arg>
<status status="NOT RUN" start="2025-12-02T19:26:27.525781" elapsed="0.000170"/>
</kw>
<kw name="Submit Report Tutor" owner="Keyword_ReportTutor">
<status status="NOT RUN" start="2025-12-02T19:26:27.526258" elapsed="0.000146"/>
</kw>
<kw name="Alert form Report Tutor" owner="Keyword_ReportTutor">
<arg>${i}</arg>
<status status="NOT RUN" start="2025-12-02T19:26:27.526789" elapsed="0.000188"/>
</kw>
<kw name="Success form Report Tutor" owner="Keyword_ReportTutor">
<arg>${i}</arg>
<status status="NOT RUN" start="2025-12-02T19:26:27.527540" elapsed="0.000218"/>
</kw>
<kw name="Check Error form Report Tutor" owner="Keyword_ReportTutor">
<arg>${i}</arg>
<status status="NOT RUN" start="2025-12-02T19:26:27.528211" elapsed="0.000222"/>
</kw>
<kw name="Read Expected Result Report Tutor" owner="Keyword_ReportTutor">
<var>${expected}</var>
<arg>${i}</arg>
<status status="NOT RUN" start="2025-12-02T19:26:27.528913" elapsed="0.000251"/>
</kw>
<kw name="Read Actual Result Report Tutor" owner="Keyword_ReportTutor">
<var>${actual}</var>
<arg>${i}</arg>
<status status="NOT RUN" start="2025-12-02T19:26:27.529586" elapsed="0.000153"/>
</kw>
<kw name="Verify Report Tutor" owner="Keyword_ReportTutor">
<arg>${i}</arg>
<arg>${expected}</arg>
<arg>${actual}</arg>
<status status="NOT RUN" start="2025-12-02T19:26:27.530051" elapsed="0.000125"/>
</kw>
<kw name="Close Browser" owner="SeleniumLibrary">
<doc>Closes the current browser.</doc>
<status status="NOT RUN" start="2025-12-02T19:26:27.530404" elapsed="0.000103"/>
</kw>
<status status="NOT RUN" start="2025-12-02T19:26:27.523726" elapsed="0.006898"/>
</branch>
<status status="PASS" start="2025-12-02T19:26:27.523685" elapsed="0.007102"/>
</if>
<var name="${i}">9</var>
<status status="PASS" start="2025-12-02T19:26:27.522192" elapsed="0.008639"/>
</iter>
<iter>
<kw name="Read Excel Cell" owner="ExcelLibrary">
<msg time="2025-12-02T19:26:27.532279" level="INFO">${Execute} = N</msg>
<var>${Execute}</var>
<arg>${i}</arg>
<arg>1</arg>
<doc>Returns content of a cell.</doc>
<status status="PASS" start="2025-12-02T19:26:27.531388" elapsed="0.001343"/>
</kw>
<if>
<branch type="IF" condition="'${Execute}' == 'Y'">
<kw name="Open Browser Website" owner="Keyword_ReportTutor">
<status status="NOT RUN" start="2025-12-02T19:26:27.534035" elapsed="0.000194"/>
</kw>
<kw name="Login As User" owner="Keyword_ReportTutor">
<arg>${i}</arg>
<status status="NOT RUN" start="2025-12-02T19:26:27.534621" elapsed="0.000241"/>
</kw>
<kw name="Go To My Course Page" owner="Keyword_ReportTutor">
<status status="NOT RUN" start="2025-12-02T19:26:27.535226" elapsed="0.000195"/>
</kw>
<kw name="Input From ReportTutor" owner="Keyword_ReportTutor">
<arg>${i}</arg>
<status status="NOT RUN" start="2025-12-02T19:26:27.535738" elapsed="0.000171"/>
</kw>
<kw name="Submit Report Tutor" owner="Keyword_ReportTutor">
<status status="NOT RUN" start="2025-12-02T19:26:27.536384" elapsed="0.000229"/>
</kw>
<kw name="Alert form Report Tutor" owner="Keyword_ReportTutor">
<arg>${i}</arg>
<status status="NOT RUN" start="2025-12-02T19:26:27.537233" elapsed="0.000292"/>
</kw>
<kw name="Success form Report Tutor" owner="Keyword_ReportTutor">
<arg>${i}</arg>
<status status="NOT RUN" start="2025-12-02T19:26:27.538036" elapsed="0.000262"/>
</kw>
<kw name="Check Error form Report Tutor" owner="Keyword_ReportTutor">
<arg>${i}</arg>
<status status="NOT RUN" start="2025-12-02T19:26:27.538823" elapsed="0.000264"/>
</kw>
<kw name="Read Expected Result Report Tutor" owner="Keyword_ReportTutor">
<var>${expected}</var>
<arg>${i}</arg>
<status status="NOT RUN" start="2025-12-02T19:26:27.539583" elapsed="0.000220"/>
</kw>
<kw name="Read Actual Result Report Tutor" owner="Keyword_ReportTutor">
<var>${actual}</var>
<arg>${i}</arg>
<status status="NOT RUN" start="2025-12-02T19:26:27.540177" elapsed="0.000212"/>
</kw>
<kw name="Verify Report Tutor" owner="Keyword_ReportTutor">
<arg>${i}</arg>
<arg>${expected}</arg>
<arg>${actual}</arg>
<status status="NOT RUN" start="2025-12-02T19:26:27.540842" elapsed="0.000175"/>
</kw>
<kw name="Close Browser" owner="SeleniumLibrary">
<doc>Closes the current browser.</doc>
<status status="NOT RUN" start="2025-12-02T19:26:27.541334" elapsed="0.000141"/>
</kw>
<status status="NOT RUN" start="2025-12-02T19:26:27.533396" elapsed="0.008253"/>
</branch>
<status status="PASS" start="2025-12-02T19:26:27.533344" elapsed="0.008493"/>
</if>
<var name="${i}">10</var>
<status status="PASS" start="2025-12-02T19:26:27.531168" elapsed="0.010729"/>
</iter>
<iter>
<kw name="Read Excel Cell" owner="ExcelLibrary">
<msg time="2025-12-02T19:26:27.543469" level="INFO">${Execute} = N</msg>
<var>${Execute}</var>
<arg>${i}</arg>
<arg>1</arg>
<doc>Returns content of a cell.</doc>
<status status="PASS" start="2025-12-02T19:26:27.542689" elapsed="0.001046"/>
</kw>
<if>
<branch type="IF" condition="'${Execute}' == 'Y'">
<kw name="Open Browser Website" owner="Keyword_ReportTutor">
<status status="NOT RUN" start="2025-12-02T19:26:27.544828" elapsed="0.000264"/>
</kw>
<kw name="Login As User" owner="Keyword_ReportTutor">
<arg>${i}</arg>
<status status="NOT RUN" start="2025-12-02T19:26:27.545567" elapsed="0.000255"/>
</kw>
<kw name="Go To My Course Page" owner="Keyword_ReportTutor">
<status status="NOT RUN" start="2025-12-02T19:26:27.546270" elapsed="0.000216"/>
</kw>
<kw name="Input From ReportTutor" owner="Keyword_ReportTutor">
<arg>${i}</arg>
<status status="NOT RUN" start="2025-12-02T19:26:27.546888" elapsed="0.000171"/>
</kw>
<kw name="Submit Report Tutor" owner="Keyword_ReportTutor">
<status status="NOT RUN" start="2025-12-02T19:26:27.547380" elapsed="0.000159"/>
</kw>
<kw name="Alert form Report Tutor" owner="Keyword_ReportTutor">
<arg>${i}</arg>
<status status="NOT RUN" start="2025-12-02T19:26:27.547902" elapsed="0.000189"/>
</kw>
<kw name="Success form Report Tutor" owner="Keyword_ReportTutor">
<arg>${i}</arg>
<status status="NOT RUN" start="2025-12-02T19:26:27.549047" elapsed="0.000966"/>
</kw>
<kw name="Check Error form Report Tutor" owner="Keyword_ReportTutor">
<arg>${i}</arg>
<status status="NOT RUN" start="2025-12-02T19:26:27.550665" elapsed="0.000223"/>
</kw>
<kw name="Read Expected Result Report Tutor" owner="Keyword_ReportTutor">
<var>${expected}</var>
<arg>${i}</arg>
<status status="NOT RUN" start="2025-12-02T19:26:27.551259" elapsed="0.000188"/>
</kw>
<kw name="Read Actual Result Report Tutor" owner="Keyword_ReportTutor">
<var>${actual}</var>
<arg>${i}</arg>
<status status="NOT RUN" start="2025-12-02T19:26:27.551773" elapsed="0.000157"/>
</kw>
<kw name="Verify Report Tutor" owner="Keyword_ReportTutor">
<arg>${i}</arg>
<arg>${expected}</arg>
<arg>${actual}</arg>
<status status="NOT RUN" start="2025-12-02T19:26:27.552368" elapsed="0.000172"/>
</kw>
<kw name="Close Browser" owner="SeleniumLibrary">
<doc>Closes the current browser.</doc>
<status status="NOT RUN" start="2025-12-02T19:26:27.553091" elapsed="0.000193"/>
</kw>
<status status="NOT RUN" start="2025-12-02T19:26:27.544081" elapsed="0.009419"/>
</branch>
<status status="PASS" start="2025-12-02T19:26:27.544031" elapsed="0.009708"/>
</if>
<var name="${i}">11</var>
<status status="PASS" start="2025-12-02T19:26:27.542381" elapsed="0.011429"/>
</iter>
<var>${i}</var>
<value>2</value>
<value>${Row}+1</value>
<status status="PASS" start="2025-12-02T19:26:01.112085" elapsed="26.441977"/>
</for>
<kw name="Save and Close Excel Report Tutor" owner="Keyword_ReportTutor">
<kw name="Save Excel Document" owner="ExcelLibrary">
<arg>${DataTableReportTutor}</arg>
<doc>Saves the current document to disk.</doc>
<status status="PASS" start="2025-12-02T19:26:27.603745" elapsed="0.214613"/>
</kw>
<kw name="Close Current Excel Document" owner="ExcelLibrary">
<doc>Closes current document.</doc>
<status status="PASS" start="2025-12-02T19:26:27.819074" elapsed="0.000857"/>
</kw>
<status status="PASS" start="2025-12-02T19:26:27.602215" elapsed="0.218119"/>
</kw>
<status status="PASS" start="2025-12-02T19:26:01.073279" elapsed="26.846818"/>
</test>
<status status="PASS" start="2025-12-02T19:25:58.705564" elapsed="29.246410"/>
</suite>
<statistics>
<total>
<stat pass="1" fail="0" skip="0">All Tests</stat>
</total>
<tag>
</tag>
<suite>
<stat pass="1" fail="0" skip="0" id="s1" name="TestCase ReportTutor">TestCase ReportTutor</stat>
</suite>
</statistics>
<errors>
</errors>
</robot>
